<?xml version="1.0" encoding="UTF-8"?>
<!-- Generated by org.testng.reporters.JUnitXMLReporter -->
<testsuite ignored="0" hostname="vin" failures="1" tests="3" name="Test1" time="43.903" errors="0" timestamp="2022-10-14T12:28:21 IST">
  <testcase classname="com.nopcommerce.testCases.TC_LoginTest_001" name="loginTest" time="15.05"/>
  <testcase classname="com.nopcommerce.testCases.TC_LoginDDT_002" name="loginData" time="0.0">
    <failure type="java.lang.RuntimeException" message="java.lang.Error: Unresolved compilation problem: 
">
      <![CDATA[java.lang.RuntimeException: java.lang.Error: Unresolved compilation problem: 

at java.base/java.util.ArrayList.forEach(ArrayList.java:1511)
Caused by: java.lang.Error: Unresolved compilation problem: 

at com.nopcommerce.utilities.XlUtils.getRowCount(XlUtils.java:34)
at com.nopcommerce.testCases.TC_LoginDDT_002.getData(TC_LoginDDT_002.java:53)
... 25 more
... Removed 32 stack frames]]>
    </failure>
  </testcase> <!-- loginData -->
  <testcase classname="com.nopcommerce.testCases.TC_AddCustomer_003" name="addNewCustomer" time="24.17"/>
</testsuite> <!-- Test1 -->
